<?xml version="1.0" encoding="UTF-8"?>
<testsuite xmlns:xsi="http://www.w3.org/2001/XMLSchema-instance" xsi:noNamespaceSchemaLocation="https://maven.apache.org/surefire/maven-surefire-plugin/xsd/surefire-test-report-3.0.xsd" version="3.0" name="hello.HelloWorldConfigurationTests" time="6.565" tests="1" errors="0" skipped="0" failures="0">
  <properties>
    <property name="java.specification.version" value="17"/>
    <property name="sun.cpu.isalist" value="amd64"/>
    <property name="sun.jnu.encoding" value="Cp1252"/>
    <property name="java.class.path" value="C:\samples\aksEHSpringSample\gs-spring-boot-docker\complete\target\test-classes;C:\samples\aksEHSpringSample\gs-spring-boot-docker\complete\target\classes;C:\Users\ragangul\.m2\repository\org\springframework\boot\spring-boot-starter-web\3.2.0\spring-boot-starter-web-3.2.0.jar;C:\Users\ragangul\.m2\repository\org\springframework\boot\spring-boot-starter\3.2.0\spring-boot-starter-3.2.0.jar;C:\Users\ragangul\.m2\repository\org\springframework\boot\spring-boot\3.2.0\spring-boot-3.2.0.jar;C:\Users\ragangul\.m2\repository\org\springframework\boot\spring-boot-autoconfigure\3.2.0\spring-boot-autoconfigure-3.2.0.jar;C:\Users\ragangul\.m2\repository\org\springframework\boot\spring-boot-starter-logging\3.2.0\spring-boot-starter-logging-3.2.0.jar;C:\Users\ragangul\.m2\repository\ch\qos\logback\logback-classic\1.4.11\logback-classic-1.4.11.jar;C:\Users\ragangul\.m2\repository\ch\qos\logback\logback-core\1.4.11\logback-core-1.4.11.jar;C:\Users\ragangul\.m2\repository\org\apache\logging\log4j\log4j-to-slf4j\2.21.1\log4j-to-slf4j-2.21.1.jar;C:\Users\ragangul\.m2\repository\org\apache\logging\log4j\log4j-api\2.21.1\log4j-api-2.21.1.jar;C:\Users\ragangul\.m2\repository\org\slf4j\jul-to-slf4j\2.0.9\jul-to-slf4j-2.0.9.jar;C:\Users\ragangul\.m2\repository\jakarta\annotation\jakarta.annotation-api\2.1.1\jakarta.annotation-api-2.1.1.jar;C:\Users\ragangul\.m2\repository\org\yaml\snakeyaml\2.2\snakeyaml-2.2.jar;C:\Users\ragangul\.m2\repository\org\springframework\boot\spring-boot-starter-json\3.2.0\spring-boot-starter-json-3.2.0.jar;C:\Users\ragangul\.m2\repository\com\fasterxml\jackson\core\jackson-databind\2.15.3\jackson-databind-2.15.3.jar;C:\Users\ragangul\.m2\repository\com\fasterxml\jackson\core\jackson-annotations\2.15.3\jackson-annotations-2.15.3.jar;C:\Users\ragangul\.m2\repository\com\fasterxml\jackson\core\jackson-core\2.15.3\jackson-core-2.15.3.jar;C:\Users\ragangul\.m2\repository\com\fasterxml\jackson\datatype\jackson-datatype-jdk8\2.15.3\jackson-datatype-jdk8-2.15.3.jar;C:\Users\ragangul\.m2\repository\com\fasterxml\jackson\datatype\jackson-datatype-jsr310\2.15.3\jackson-datatype-jsr310-2.15.3.jar;C:\Users\ragangul\.m2\repository\com\fasterxml\jackson\module\jackson-module-parameter-names\2.15.3\jackson-module-parameter-names-2.15.3.jar;C:\Users\ragangul\.m2\repository\org\springframework\boot\spring-boot-starter-tomcat\3.2.0\spring-boot-starter-tomcat-3.2.0.jar;C:\Users\ragangul\.m2\repository\org\apache\tomcat\embed\tomcat-embed-core\10.1.16\tomcat-embed-core-10.1.16.jar;C:\Users\ragangul\.m2\repository\org\apache\tomcat\embed\tomcat-embed-el\10.1.16\tomcat-embed-el-10.1.16.jar;C:\Users\ragangul\.m2\repository\org\apache\tomcat\embed\tomcat-embed-websocket\10.1.16\tomcat-embed-websocket-10.1.16.jar;C:\Users\ragangul\.m2\repository\org\springframework\spring-web\6.1.1\spring-web-6.1.1.jar;C:\Users\ragangul\.m2\repository\org\springframework\spring-beans\6.1.1\spring-beans-6.1.1.jar;C:\Users\ragangul\.m2\repository\io\micrometer\micrometer-observation\1.12.0\micrometer-observation-1.12.0.jar;C:\Users\ragangul\.m2\repository\io\micrometer\micrometer-commons\1.12.0\micrometer-commons-1.12.0.jar;C:\Users\ragangul\.m2\repository\org\springframework\spring-webmvc\6.1.1\spring-webmvc-6.1.1.jar;C:\Users\ragangul\.m2\repository\org\springframework\spring-aop\6.1.1\spring-aop-6.1.1.jar;C:\Users\ragangul\.m2\repository\org\springframework\spring-context\6.1.1\spring-context-6.1.1.jar;C:\Users\ragangul\.m2\repository\org\springframework\spring-expression\6.1.1\spring-expression-6.1.1.jar;C:\Users\ragangul\.m2\repository\org\springframework\boot\spring-boot-starter-test\3.2.0\spring-boot-starter-test-3.2.0.jar;C:\Users\ragangul\.m2\repository\org\springframework\boot\spring-boot-test\3.2.0\spring-boot-test-3.2.0.jar;C:\Users\ragangul\.m2\repository\org\springframework\boot\spring-boot-test-autoconfigure\3.2.0\spring-boot-test-autoconfigure-3.2.0.jar;C:\Users\ragangul\.m2\repository\com\jayway\jsonpath\json-path\2.8.0\json-path-2.8.0.jar;C:\Users\ragangul\.m2\repository\org\slf4j\slf4j-api\2.0.9\slf4j-api-2.0.9.jar;C:\Users\ragangul\.m2\repository\jakarta\xml\bind\jakarta.xml.bind-api\4.0.1\jakarta.xml.bind-api-4.0.1.jar;C:\Users\ragangul\.m2\repository\jakarta\activation\jakarta.activation-api\2.1.2\jakarta.activation-api-2.1.2.jar;C:\Users\ragangul\.m2\repository\net\minidev\json-smart\2.5.0\json-smart-2.5.0.jar;C:\Users\ragangul\.m2\repository\net\minidev\accessors-smart\2.5.0\accessors-smart-2.5.0.jar;C:\Users\ragangul\.m2\repository\org\ow2\asm\asm\9.3\asm-9.3.jar;C:\Users\ragangul\.m2\repository\org\assertj\assertj-core\3.24.2\assertj-core-3.24.2.jar;C:\Users\ragangul\.m2\repository\net\bytebuddy\byte-buddy\1.14.10\byte-buddy-1.14.10.jar;C:\Users\ragangul\.m2\repository\org\awaitility\awaitility\4.2.0\awaitility-4.2.0.jar;C:\Users\ragangul\.m2\repository\org\hamcrest\hamcrest\2.2\hamcrest-2.2.jar;C:\Users\ragangul\.m2\repository\org\junit\jupiter\junit-jupiter\5.10.1\junit-jupiter-5.10.1.jar;C:\Users\ragangul\.m2\repository\org\junit\jupiter\junit-jupiter-api\5.10.1\junit-jupiter-api-5.10.1.jar;C:\Users\ragangul\.m2\repository\org\opentest4j\opentest4j\1.3.0\opentest4j-1.3.0.jar;C:\Users\ragangul\.m2\repository\org\junit\platform\junit-platform-commons\1.10.1\junit-platform-commons-1.10.1.jar;C:\Users\ragangul\.m2\repository\org\apiguardian\apiguardian-api\1.1.2\apiguardian-api-1.1.2.jar;C:\Users\ragangul\.m2\repository\org\junit\jupiter\junit-jupiter-params\5.10.1\junit-jupiter-params-5.10.1.jar;C:\Users\ragangul\.m2\repository\org\junit\jupiter\junit-jupiter-engine\5.10.1\junit-jupiter-engine-5.10.1.jar;C:\Users\ragangul\.m2\repository\org\junit\platform\junit-platform-engine\1.10.1\junit-platform-engine-1.10.1.jar;C:\Users\ragangul\.m2\repository\org\mockito\mockito-core\5.7.0\mockito-core-5.7.0.jar;C:\Users\ragangul\.m2\repository\net\bytebuddy\byte-buddy-agent\1.14.10\byte-buddy-agent-1.14.10.jar;C:\Users\ragangul\.m2\repository\org\objenesis\objenesis\3.3\objenesis-3.3.jar;C:\Users\ragangul\.m2\repository\org\mockito\mockito-junit-jupiter\5.7.0\mockito-junit-jupiter-5.7.0.jar;C:\Users\ragangul\.m2\repository\org\skyscreamer\jsonassert\1.5.1\jsonassert-1.5.1.jar;C:\Users\ragangul\.m2\repository\com\vaadin\external\google\android-json\0.0.20131108.vaadin1\android-json-0.0.20131108.vaadin1.jar;C:\Users\ragangul\.m2\repository\org\springframework\spring-core\6.1.1\spring-core-6.1.1.jar;C:\Users\ragangul\.m2\repository\org\springframework\spring-jcl\6.1.1\spring-jcl-6.1.1.jar;C:\Users\ragangul\.m2\repository\org\springframework\spring-test\6.1.1\spring-test-6.1.1.jar;C:\Users\ragangul\.m2\repository\org\xmlunit\xmlunit-core\2.9.1\xmlunit-core-2.9.1.jar;C:\Users\ragangul\.m2\repository\com\azure\spring\azure-spring-cloud-stream-binder-eventhubs\2.9.0\azure-spring-cloud-stream-binder-eventhubs-2.9.0.jar;C:\Users\ragangul\.m2\repository\org\springframework\cloud\spring-cloud-stream\3.1.3\spring-cloud-stream-3.1.3.jar;C:\Users\ragangul\.m2\repository\org\springframework\boot\spring-boot-starter-validation\3.2.0\spring-boot-starter-validation-3.2.0.jar;C:\Users\ragangul\.m2\repository\org\hibernate\validator\hibernate-validator\8.0.1.Final\hibernate-validator-8.0.1.Final.jar;C:\Users\ragangul\.m2\repository\jakarta\validation\jakarta.validation-api\3.0.2\jakarta.validation-api-3.0.2.jar;C:\Users\ragangul\.m2\repository\org\jboss\logging\jboss-logging\3.5.3.Final\jboss-logging-3.5.3.Final.jar;C:\Users\ragangul\.m2\repository\com\fasterxml\classmate\1.6.0\classmate-1.6.0.jar;C:\Users\ragangul\.m2\repository\org\springframework\spring-messaging\6.1.1\spring-messaging-6.1.1.jar;C:\Users\ragangul\.m2\repository\org\springframework\integration\spring-integration-core\6.2.0\spring-integration-core-6.2.0.jar;C:\Users\ragangul\.m2\repository\org\springframework\spring-tx\6.1.1\spring-tx-6.1.1.jar;C:\Users\ragangul\.m2\repository\io\projectreactor\reactor-core\3.6.0\reactor-core-3.6.0.jar;C:\Users\ragangul\.m2\repository\org\reactivestreams\reactive-streams\1.0.4\reactive-streams-1.0.4.jar;C:\Users\ragangul\.m2\repository\org\springframework\integration\spring-integration-jmx\6.2.0\spring-integration-jmx-6.2.0.jar;C:\Users\ragangul\.m2\repository\org\springframework\retry\spring-retry\2.0.4\spring-retry-2.0.4.jar;C:\Users\ragangul\.m2\repository\org\springframework\cloud\spring-cloud-function-context\3.1.3\spring-cloud-function-context-3.1.3.jar;C:\Users\ragangul\.m2\repository\net\jodah\typetools\0.6.2\typetools-0.6.2.jar;C:\Users\ragangul\.m2\repository\org\springframework\cloud\spring-cloud-function-core\3.1.3\spring-cloud-function-core-3.1.3.jar;C:\Users\ragangul\.m2\repository\javax\annotation\javax.annotation-api\1.3.2\javax.annotation-api-1.3.2.jar;C:\Users\ragangul\.m2\repository\com\azure\spring\azure-spring-cloud-starter-eventhubs\2.9.0\azure-spring-cloud-starter-eventhubs-2.9.0.jar;C:\Users\ragangul\.m2\repository\com\azure\spring\azure-spring-cloud-autoconfigure\2.9.0\azure-spring-cloud-autoconfigure-2.9.0.jar;C:\Users\ragangul\.m2\repository\com\azure\spring\azure-spring-integration-eventhubs\2.9.0\azure-spring-integration-eventhubs-2.9.0.jar;C:\Users\ragangul\.m2\repository\com\azure\spring\azure-spring-integration-core\2.9.0\azure-spring-integration-core-2.9.0.jar;C:\Users\ragangul\.m2\repository\io\reactivex\rxjava\1.3.8\rxjava-1.3.8.jar;C:\Users\ragangul\.m2\repository\com\azure\spring\azure-spring-cloud-messaging\2.9.0\azure-spring-cloud-messaging-2.9.0.jar;C:\Users\ragangul\.m2\repository\com\azure\spring\azure-spring-cloud-context\2.9.0\azure-spring-cloud-context-2.9.0.jar;C:\Users\ragangul\.m2\repository\org\springframework\boot\spring-boot-starter-aop\3.2.0\spring-boot-starter-aop-3.2.0.jar;C:\Users\ragangul\.m2\repository\org\aspectj\aspectjweaver\1.9.20.1\aspectjweaver-1.9.20.1.jar;C:\Users\ragangul\.m2\repository\commons-io\commons-io\2.5\commons-io-2.5.jar;C:\Users\ragangul\.m2\repository\com\azure\resourcemanager\azure-resourcemanager\2.8.0\azure-resourcemanager-2.8.0.jar;C:\Users\ragangul\.m2\repository\com\azure\resourcemanager\azure-resourcemanager-resources\2.8.0\azure-resourcemanager-resources-2.8.0.jar;C:\Users\ragangul\.m2\repository\com\azure\azure-core-management\1.4.1\azure-core-management-1.4.1.jar;C:\Users\ragangul\.m2\repository\com\azure\resourcemanager\azure-resourcemanager-storage\2.8.0\azure-resourcemanager-storage-2.8.0.jar;C:\Users\ragangul\.m2\repository\com\azure\resourcemanager\azure-resourcemanager-compute\2.8.0\azure-resourcemanager-compute-2.8.0.jar;C:\Users\ragangul\.m2\repository\com\azure\resourcemanager\azure-resourcemanager-network\2.8.0\azure-resourcemanager-network-2.8.0.jar;C:\Users\ragangul\.m2\repository\com\azure\resourcemanager\azure-resourcemanager-keyvault\2.8.0\azure-resourcemanager-keyvault-2.8.0.jar;C:\Users\ragangul\.m2\repository\com\azure\azure-security-keyvault-keys\4.3.3\azure-security-keyvault-keys-4.3.3.jar;C:\Users\ragangul\.m2\repository\com\azure\azure-security-keyvault-secrets\4.3.3\azure-security-keyvault-secrets-4.3.3.jar;C:\Users\ragangul\.m2\repository\com\azure\resourcemanager\azure-resourcemanager-msi\2.8.0\azure-resourcemanager-msi-2.8.0.jar;C:\Users\ragangul\.m2\repository\com\azure\resourcemanager\azure-resourcemanager-sql\2.8.0\azure-resourcemanager-sql-2.8.0.jar;C:\Users\ragangul\.m2\repository\com\azure\resourcemanager\azure-resourcemanager-authorization\2.8.0\azure-resourcemanager-authorization-2.8.0.jar;C:\Users\ragangul\.m2\repository\com\azure\resourcemanager\azure-resourcemanager-appservice\2.8.0\azure-resourcemanager-appservice-2.8.0.jar;C:\Users\ragangul\.m2\repository\com\azure\resourcemanager\azure-resourcemanager-cosmos\2.8.0\azure-resourcemanager-cosmos-2.8.0.jar;C:\Users\ragangul\.m2\repository\com\azure\resourcemanager\azure-resourcemanager-containerservice\2.8.0\azure-resourcemanager-containerservice-2.8.0.jar;C:\Users\ragangul\.m2\repository\com\azure\resourcemanager\azure-resourcemanager-monitor\2.8.0\azure-resourcemanager-monitor-2.8.0.jar;C:\Users\ragangul\.m2\repository\com\azure\resourcemanager\azure-resourcemanager-containerregistry\2.8.0\azure-resourcemanager-containerregistry-2.8.0.jar;C:\Users\ragangul\.m2\repository\com\azure\resourcemanager\azure-resourcemanager-dns\2.8.0\azure-resourcemanager-dns-2.8.0.jar;C:\Users\ragangul\.m2\repository\com\azure\resourcemanager\azure-resourcemanager-appplatform\2.8.0\azure-resourcemanager-appplatform-2.8.0.jar;C:\Users\ragangul\.m2\repository\com\azure\azure-storage-file-share\12.10.0\azure-storage-file-share-12.10.0.jar;C:\Users\ragangul\.m2\repository\com\azure\resourcemanager\azure-resourcemanager-containerinstance\2.8.0\azure-resourcemanager-containerinstance-2.8.0.jar;C:\Users\ragangul\.m2\repository\com\azure\resourcemanager\azure-resourcemanager-privatedns\2.8.0\azure-resourcemanager-privatedns-2.8.0.jar;C:\Users\ragangul\.m2\repository\com\azure\resourcemanager\azure-resourcemanager-redis\2.8.0\azure-resourcemanager-redis-2.8.0.jar;C:\Users\ragangul\.m2\repository\com\azure\resourcemanager\azure-resourcemanager-eventhubs\2.8.0\azure-resourcemanager-eventhubs-2.8.0.jar;C:\Users\ragangul\.m2\repository\com\azure\resourcemanager\azure-resourcemanager-trafficmanager\2.8.0\azure-resourcemanager-trafficmanager-2.8.0.jar;C:\Users\ragangul\.m2\repository\com\azure\resourcemanager\azure-resourcemanager-servicebus\2.8.0\azure-resourcemanager-servicebus-2.8.0.jar;C:\Users\ragangul\.m2\repository\com\azure\resourcemanager\azure-resourcemanager-cdn\2.8.0\azure-resourcemanager-cdn-2.8.0.jar;C:\Users\ragangul\.m2\repository\com\azure\resourcemanager\azure-resourcemanager-search\2.8.0\azure-resourcemanager-search-2.8.0.jar;C:\Users\ragangul\.m2\repository\com\azure\spring\azure-identity-spring\1.9.0\azure-identity-spring-1.9.0.jar;C:\Users\ragangul\.m2\repository\com\azure\azure-identity\1.3.6\azure-identity-1.3.6.jar;C:\Users\ragangul\.m2\repository\com\microsoft\azure\msal4j\1.11.0\msal4j-1.11.0.jar;C:\Users\ragangul\.m2\repository\com\nimbusds\oauth2-oidc-sdk\9.7\oauth2-oidc-sdk-9.7.jar;C:\Users\ragangul\.m2\repository\com\github\stephenc\jcip\jcip-annotations\1.0-1\jcip-annotations-1.0-1.jar;C:\Users\ragangul\.m2\repository\com\nimbusds\content-type\2.1\content-type-2.1.jar;C:\Users\ragangul\.m2\repository\com\nimbusds\lang-tag\1.5\lang-tag-1.5.jar;C:\Users\ragangul\.m2\repository\com\nimbusds\nimbus-jose-jwt\9.9.3\nimbus-jose-jwt-9.9.3.jar;C:\Users\ragangul\.m2\repository\com\microsoft\azure\msal4j-persistence-extension\1.1.0\msal4j-persistence-extension-1.1.0.jar;C:\Users\ragangul\.m2\repository\net\java\dev\jna\jna\5.5.0\jna-5.5.0.jar;C:\Users\ragangul\.m2\repository\net\java\dev\jna\jna-platform\5.6.0\jna-platform-5.6.0.jar;C:\Users\ragangul\.m2\repository\com\azure\azure-messaging-eventhubs-checkpointstore-blob\1.10.0\azure-messaging-eventhubs-checkpointstore-blob-1.10.0.jar;C:\Users\ragangul\.m2\repository\com\azure\azure-messaging-eventhubs\5.10.1\azure-messaging-eventhubs-5.10.1.jar;C:\Users\ragangul\.m2\repository\com\azure\azure-core\1.20.0\azure-core-1.20.0.jar;C:\Users\ragangul\.m2\repository\com\fasterxml\jackson\dataformat\jackson-dataformat-xml\2.15.3\jackson-dataformat-xml-2.15.3.jar;C:\Users\ragangul\.m2\repository\org\codehaus\woodstox\stax2-api\4.2.1\stax2-api-4.2.1.jar;C:\Users\ragangul\.m2\repository\com\fasterxml\woodstox\woodstox-core\6.5.1\woodstox-core-6.5.1.jar;C:\Users\ragangul\.m2\repository\io\netty\netty-tcnative-boringssl-static\2.0.61.Final\netty-tcnative-boringssl-static-2.0.61.Final.jar;C:\Users\ragangul\.m2\repository\io\netty\netty-tcnative-classes\2.0.61.Final\netty-tcnative-classes-2.0.61.Final.jar;C:\Users\ragangul\.m2\repository\io\netty\netty-tcnative-boringssl-static\2.0.61.Final\netty-tcnative-boringssl-static-2.0.61.Final-linux-x86_64.jar;C:\Users\ragangul\.m2\repository\io\netty\netty-tcnative-boringssl-static\2.0.61.Final\netty-tcnative-boringssl-static-2.0.61.Final-linux-aarch_64.jar;C:\Users\ragangul\.m2\repository\io\netty\netty-tcnative-boringssl-static\2.0.61.Final\netty-tcnative-boringssl-static-2.0.61.Final-osx-x86_64.jar;C:\Users\ragangul\.m2\repository\io\netty\netty-tcnative-boringssl-static\2.0.61.Final\netty-tcnative-boringssl-static-2.0.61.Final-osx-aarch_64.jar;C:\Users\ragangul\.m2\repository\io\netty\netty-tcnative-boringssl-static\2.0.61.Final\netty-tcnative-boringssl-static-2.0.61.Final-windows-x86_64.jar;C:\Users\ragangul\.m2\repository\com\azure\azure-core-amqp\2.3.2\azure-core-amqp-2.3.2.jar;C:\Users\ragangul\.m2\repository\com\microsoft\azure\qpid-proton-j-extensions\1.2.4\qpid-proton-j-extensions-1.2.4.jar;C:\Users\ragangul\.m2\repository\org\apache\qpid\proton-j\0.33.8\proton-j-0.33.8.jar;C:\Users\ragangul\.m2\repository\com\azure\azure-storage-blob\12.14.0\azure-storage-blob-12.14.0.jar;C:\Users\ragangul\.m2\repository\com\azure\azure-core-http-netty\1.11.0\azure-core-http-netty-1.11.0.jar;C:\Users\ragangul\.m2\repository\io\netty\netty-handler\4.1.101.Final\netty-handler-4.1.101.Final.jar;C:\Users\ragangul\.m2\repository\io\netty\netty-common\4.1.101.Final\netty-common-4.1.101.Final.jar;C:\Users\ragangul\.m2\repository\io\netty\netty-resolver\4.1.101.Final\netty-resolver-4.1.101.Final.jar;C:\Users\ragangul\.m2\repository\io\netty\netty-transport\4.1.101.Final\netty-transport-4.1.101.Final.jar;C:\Users\ragangul\.m2\repository\io\netty\netty-codec\4.1.101.Final\netty-codec-4.1.101.Final.jar;C:\Users\ragangul\.m2\repository\io\netty\netty-handler-proxy\4.1.101.Final\netty-handler-proxy-4.1.101.Final.jar;C:\Users\ragangul\.m2\repository\io\netty\netty-codec-socks\4.1.101.Final\netty-codec-socks-4.1.101.Final.jar;C:\Users\ragangul\.m2\repository\io\netty\netty-buffer\4.1.101.Final\netty-buffer-4.1.101.Final.jar;C:\Users\ragangul\.m2\repository\io\netty\netty-codec-http\4.1.101.Final\netty-codec-http-4.1.101.Final.jar;C:\Users\ragangul\.m2\repository\io\netty\netty-codec-http2\4.1.101.Final\netty-codec-http2-4.1.101.Final.jar;C:\Users\ragangul\.m2\repository\io\netty\netty-transport-native-unix-common\4.1.101.Final\netty-transport-native-unix-common-4.1.101.Final.jar;C:\Users\ragangul\.m2\repository\io\netty\netty-transport-native-epoll\4.1.101.Final\netty-transport-native-epoll-4.1.101.Final-linux-x86_64.jar;C:\Users\ragangul\.m2\repository\io\netty\netty-transport-classes-epoll\4.1.101.Final\netty-transport-classes-epoll-4.1.101.Final.jar;C:\Users\ragangul\.m2\repository\io\netty\netty-transport-native-kqueue\4.1.101.Final\netty-transport-native-kqueue-4.1.101.Final-osx-x86_64.jar;C:\Users\ragangul\.m2\repository\io\netty\netty-transport-classes-kqueue\4.1.101.Final\netty-transport-classes-kqueue-4.1.101.Final.jar;C:\Users\ragangul\.m2\repository\io\projectreactor\netty\reactor-netty\1.1.13\reactor-netty-1.1.13.jar;C:\Users\ragangul\.m2\repository\io\projectreactor\netty\reactor-netty-core\1.1.13\reactor-netty-core-1.1.13.jar;C:\Users\ragangul\.m2\repository\io\netty\netty-resolver-dns\4.1.101.Final\netty-resolver-dns-4.1.101.Final.jar;C:\Users\ragangul\.m2\repository\io\netty\netty-codec-dns\4.1.101.Final\netty-codec-dns-4.1.101.Final.jar;C:\Users\ragangul\.m2\repository\io\netty\netty-resolver-dns-native-macos\4.1.101.Final\netty-resolver-dns-native-macos-4.1.101.Final-osx-x86_64.jar;C:\Users\ragangul\.m2\repository\io\netty\netty-resolver-dns-classes-macos\4.1.101.Final\netty-resolver-dns-classes-macos-4.1.101.Final.jar;C:\Users\ragangul\.m2\repository\io\projectreactor\netty\reactor-netty-http\1.1.13\reactor-netty-http-1.1.13.jar;C:\Users\ragangul\.m2\repository\io\projectreactor\netty\incubator\reactor-netty-incubator-quic\0.1.13\reactor-netty-incubator-quic-0.1.13.jar;C:\Users\ragangul\.m2\repository\io\netty\incubator\netty-incubator-codec-native-quic\0.0.52.Final\netty-incubator-codec-native-quic-0.0.52.Final-linux-x86_64.jar;C:\Users\ragangul\.m2\repository\io\netty\incubator\netty-incubator-codec-classes-quic\0.0.52.Final\netty-incubator-codec-classes-quic-0.0.52.Final.jar;C:\Users\ragangul\.m2\repository\com\azure\azure-storage-common\12.13.0\azure-storage-common-12.13.0.jar;C:\Users\ragangul\.m2\repository\com\azure\azure-storage-internal-avro\12.1.0\azure-storage-internal-avro-12.1.0.jar;"/>
    <property name="java.vm.vendor" value="Oracle Corporation"/>
    <property name="sun.arch.data.model" value="64"/>
    <property name="user.variant" value=""/>
    <property name="catalina.useNaming" value="false"/>
    <property name="java.vendor.url" value="https://java.oracle.com/"/>
    <property name="user.timezone" value="America/Chicago"/>
    <property name="org.jboss.logging.provider" value="slf4j"/>
    <property name="os.name" value="Windows 11"/>
    <property name="java.vm.specification.version" value="17"/>
    <property name="sun.java.launcher" value="SUN_STANDARD"/>
    <property name="user.country" value="US"/>
    <property name="sun.boot.library.path" value="C:\Program Files\Java\jdk-17\bin"/>
    <property name="sun.java.command" value="C:\Users\ragangul\AppData\Local\Temp\surefire869679024131865511\surefirebooter-20240211183712459_3.jar C:\Users\ragangul\AppData\Local\Temp\surefire869679024131865511 2024-02-11T18-37-12_176-jvmRun1 surefire-20240211183712459_1tmp surefire_0-20240211183712459_2tmp"/>
    <property name="jdk.debug" value="release"/>
    <property name="surefire.test.class.path" value="C:\samples\aksEHSpringSample\gs-spring-boot-docker\complete\target\test-classes;C:\samples\aksEHSpringSample\gs-spring-boot-docker\complete\target\classes;C:\Users\ragangul\.m2\repository\org\springframework\boot\spring-boot-starter-web\3.2.0\spring-boot-starter-web-3.2.0.jar;C:\Users\ragangul\.m2\repository\org\springframework\boot\spring-boot-starter\3.2.0\spring-boot-starter-3.2.0.jar;C:\Users\ragangul\.m2\repository\org\springframework\boot\spring-boot\3.2.0\spring-boot-3.2.0.jar;C:\Users\ragangul\.m2\repository\org\springframework\boot\spring-boot-autoconfigure\3.2.0\spring-boot-autoconfigure-3.2.0.jar;C:\Users\ragangul\.m2\repository\org\springframework\boot\spring-boot-starter-logging\3.2.0\spring-boot-starter-logging-3.2.0.jar;C:\Users\ragangul\.m2\repository\ch\qos\logback\logback-classic\1.4.11\logback-classic-1.4.11.jar;C:\Users\ragangul\.m2\repository\ch\qos\logback\logback-core\1.4.11\logback-core-1.4.11.jar;C:\Users\ragangul\.m2\repository\org\apache\logging\log4j\log4j-to-slf4j\2.21.1\log4j-to-slf4j-2.21.1.jar;C:\Users\ragangul\.m2\repository\org\apache\logging\log4j\log4j-api\2.21.1\log4j-api-2.21.1.jar;C:\Users\ragangul\.m2\repository\org\slf4j\jul-to-slf4j\2.0.9\jul-to-slf4j-2.0.9.jar;C:\Users\ragangul\.m2\repository\jakarta\annotation\jakarta.annotation-api\2.1.1\jakarta.annotation-api-2.1.1.jar;C:\Users\ragangul\.m2\repository\org\yaml\snakeyaml\2.2\snakeyaml-2.2.jar;C:\Users\ragangul\.m2\repository\org\springframework\boot\spring-boot-starter-json\3.2.0\spring-boot-starter-json-3.2.0.jar;C:\Users\ragangul\.m2\repository\com\fasterxml\jackson\core\jackson-databind\2.15.3\jackson-databind-2.15.3.jar;C:\Users\ragangul\.m2\repository\com\fasterxml\jackson\core\jackson-annotations\2.15.3\jackson-annotations-2.15.3.jar;C:\Users\ragangul\.m2\repository\com\fasterxml\jackson\core\jackson-core\2.15.3\jackson-core-2.15.3.jar;C:\Users\ragangul\.m2\repository\com\fasterxml\jackson\datatype\jackson-datatype-jdk8\2.15.3\jackson-datatype-jdk8-2.15.3.jar;C:\Users\ragangul\.m2\repository\com\fasterxml\jackson\datatype\jackson-datatype-jsr310\2.15.3\jackson-datatype-jsr310-2.15.3.jar;C:\Users\ragangul\.m2\repository\com\fasterxml\jackson\module\jackson-module-parameter-names\2.15.3\jackson-module-parameter-names-2.15.3.jar;C:\Users\ragangul\.m2\repository\org\springframework\boot\spring-boot-starter-tomcat\3.2.0\spring-boot-starter-tomcat-3.2.0.jar;C:\Users\ragangul\.m2\repository\org\apache\tomcat\embed\tomcat-embed-core\10.1.16\tomcat-embed-core-10.1.16.jar;C:\Users\ragangul\.m2\repository\org\apache\tomcat\embed\tomcat-embed-el\10.1.16\tomcat-embed-el-10.1.16.jar;C:\Users\ragangul\.m2\repository\org\apache\tomcat\embed\tomcat-embed-websocket\10.1.16\tomcat-embed-websocket-10.1.16.jar;C:\Users\ragangul\.m2\repository\org\springframework\spring-web\6.1.1\spring-web-6.1.1.jar;C:\Users\ragangul\.m2\repository\org\springframework\spring-beans\6.1.1\spring-beans-6.1.1.jar;C:\Users\ragangul\.m2\repository\io\micrometer\micrometer-observation\1.12.0\micrometer-observation-1.12.0.jar;C:\Users\ragangul\.m2\repository\io\micrometer\micrometer-commons\1.12.0\micrometer-commons-1.12.0.jar;C:\Users\ragangul\.m2\repository\org\springframework\spring-webmvc\6.1.1\spring-webmvc-6.1.1.jar;C:\Users\ragangul\.m2\repository\org\springframework\spring-aop\6.1.1\spring-aop-6.1.1.jar;C:\Users\ragangul\.m2\repository\org\springframework\spring-context\6.1.1\spring-context-6.1.1.jar;C:\Users\ragangul\.m2\repository\org\springframework\spring-expression\6.1.1\spring-expression-6.1.1.jar;C:\Users\ragangul\.m2\repository\org\springframework\boot\spring-boot-starter-test\3.2.0\spring-boot-starter-test-3.2.0.jar;C:\Users\ragangul\.m2\repository\org\springframework\boot\spring-boot-test\3.2.0\spring-boot-test-3.2.0.jar;C:\Users\ragangul\.m2\repository\org\springframework\boot\spring-boot-test-autoconfigure\3.2.0\spring-boot-test-autoconfigure-3.2.0.jar;C:\Users\ragangul\.m2\repository\com\jayway\jsonpath\json-path\2.8.0\json-path-2.8.0.jar;C:\Users\ragangul\.m2\repository\org\slf4j\slf4j-api\2.0.9\slf4j-api-2.0.9.jar;C:\Users\ragangul\.m2\repository\jakarta\xml\bind\jakarta.xml.bind-api\4.0.1\jakarta.xml.bind-api-4.0.1.jar;C:\Users\ragangul\.m2\repository\jakarta\activation\jakarta.activation-api\2.1.2\jakarta.activation-api-2.1.2.jar;C:\Users\ragangul\.m2\repository\net\minidev\json-smart\2.5.0\json-smart-2.5.0.jar;C:\Users\ragangul\.m2\repository\net\minidev\accessors-smart\2.5.0\accessors-smart-2.5.0.jar;C:\Users\ragangul\.m2\repository\org\ow2\asm\asm\9.3\asm-9.3.jar;C:\Users\ragangul\.m2\repository\org\assertj\assertj-core\3.24.2\assertj-core-3.24.2.jar;C:\Users\ragangul\.m2\repository\net\bytebuddy\byte-buddy\1.14.10\byte-buddy-1.14.10.jar;C:\Users\ragangul\.m2\repository\org\awaitility\awaitility\4.2.0\awaitility-4.2.0.jar;C:\Users\ragangul\.m2\repository\org\hamcrest\hamcrest\2.2\hamcrest-2.2.jar;C:\Users\ragangul\.m2\repository\org\junit\jupiter\junit-jupiter\5.10.1\junit-jupiter-5.10.1.jar;C:\Users\ragangul\.m2\repository\org\junit\jupiter\junit-jupiter-api\5.10.1\junit-jupiter-api-5.10.1.jar;C:\Users\ragangul\.m2\repository\org\opentest4j\opentest4j\1.3.0\opentest4j-1.3.0.jar;C:\Users\ragangul\.m2\repository\org\junit\platform\junit-platform-commons\1.10.1\junit-platform-commons-1.10.1.jar;C:\Users\ragangul\.m2\repository\org\apiguardian\apiguardian-api\1.1.2\apiguardian-api-1.1.2.jar;C:\Users\ragangul\.m2\repository\org\junit\jupiter\junit-jupiter-params\5.10.1\junit-jupiter-params-5.10.1.jar;C:\Users\ragangul\.m2\repository\org\junit\jupiter\junit-jupiter-engine\5.10.1\junit-jupiter-engine-5.10.1.jar;C:\Users\ragangul\.m2\repository\org\junit\platform\junit-platform-engine\1.10.1\junit-platform-engine-1.10.1.jar;C:\Users\ragangul\.m2\repository\org\mockito\mockito-core\5.7.0\mockito-core-5.7.0.jar;C:\Users\ragangul\.m2\repository\net\bytebuddy\byte-buddy-agent\1.14.10\byte-buddy-agent-1.14.10.jar;C:\Users\ragangul\.m2\repository\org\objenesis\objenesis\3.3\objenesis-3.3.jar;C:\Users\ragangul\.m2\repository\org\mockito\mockito-junit-jupiter\5.7.0\mockito-junit-jupiter-5.7.0.jar;C:\Users\ragangul\.m2\repository\org\skyscreamer\jsonassert\1.5.1\jsonassert-1.5.1.jar;C:\Users\ragangul\.m2\repository\com\vaadin\external\google\android-json\0.0.20131108.vaadin1\android-json-0.0.20131108.vaadin1.jar;C:\Users\ragangul\.m2\repository\org\springframework\spring-core\6.1.1\spring-core-6.1.1.jar;C:\Users\ragangul\.m2\repository\org\springframework\spring-jcl\6.1.1\spring-jcl-6.1.1.jar;C:\Users\ragangul\.m2\repository\org\springframework\spring-test\6.1.1\spring-test-6.1.1.jar;C:\Users\ragangul\.m2\repository\org\xmlunit\xmlunit-core\2.9.1\xmlunit-core-2.9.1.jar;C:\Users\ragangul\.m2\repository\com\azure\spring\azure-spring-cloud-stream-binder-eventhubs\2.9.0\azure-spring-cloud-stream-binder-eventhubs-2.9.0.jar;C:\Users\ragangul\.m2\repository\org\springframework\cloud\spring-cloud-stream\3.1.3\spring-cloud-stream-3.1.3.jar;C:\Users\ragangul\.m2\repository\org\springframework\boot\spring-boot-starter-validation\3.2.0\spring-boot-starter-validation-3.2.0.jar;C:\Users\ragangul\.m2\repository\org\hibernate\validator\hibernate-validator\8.0.1.Final\hibernate-validator-8.0.1.Final.jar;C:\Users\ragangul\.m2\repository\jakarta\validation\jakarta.validation-api\3.0.2\jakarta.validation-api-3.0.2.jar;C:\Users\ragangul\.m2\repository\org\jboss\logging\jboss-logging\3.5.3.Final\jboss-logging-3.5.3.Final.jar;C:\Users\ragangul\.m2\repository\com\fasterxml\classmate\1.6.0\classmate-1.6.0.jar;C:\Users\ragangul\.m2\repository\org\springframework\spring-messaging\6.1.1\spring-messaging-6.1.1.jar;C:\Users\ragangul\.m2\repository\org\springframework\integration\spring-integration-core\6.2.0\spring-integration-core-6.2.0.jar;C:\Users\ragangul\.m2\repository\org\springframework\spring-tx\6.1.1\spring-tx-6.1.1.jar;C:\Users\ragangul\.m2\repository\io\projectreactor\reactor-core\3.6.0\reactor-core-3.6.0.jar;C:\Users\ragangul\.m2\repository\org\reactivestreams\reactive-streams\1.0.4\reactive-streams-1.0.4.jar;C:\Users\ragangul\.m2\repository\org\springframework\integration\spring-integration-jmx\6.2.0\spring-integration-jmx-6.2.0.jar;C:\Users\ragangul\.m2\repository\org\springframework\retry\spring-retry\2.0.4\spring-retry-2.0.4.jar;C:\Users\ragangul\.m2\repository\org\springframework\cloud\spring-cloud-function-context\3.1.3\spring-cloud-function-context-3.1.3.jar;C:\Users\ragangul\.m2\repository\net\jodah\typetools\0.6.2\typetools-0.6.2.jar;C:\Users\ragangul\.m2\repository\org\springframework\cloud\spring-cloud-function-core\3.1.3\spring-cloud-function-core-3.1.3.jar;C:\Users\ragangul\.m2\repository\javax\annotation\javax.annotation-api\1.3.2\javax.annotation-api-1.3.2.jar;C:\Users\ragangul\.m2\repository\com\azure\spring\azure-spring-cloud-starter-eventhubs\2.9.0\azure-spring-cloud-starter-eventhubs-2.9.0.jar;C:\Users\ragangul\.m2\repository\com\azure\spring\azure-spring-cloud-autoconfigure\2.9.0\azure-spring-cloud-autoconfigure-2.9.0.jar;C:\Users\ragangul\.m2\repository\com\azure\spring\azure-spring-integration-eventhubs\2.9.0\azure-spring-integration-eventhubs-2.9.0.jar;C:\Users\ragangul\.m2\repository\com\azure\spring\azure-spring-integration-core\2.9.0\azure-spring-integration-core-2.9.0.jar;C:\Users\ragangul\.m2\repository\io\reactivex\rxjava\1.3.8\rxjava-1.3.8.jar;C:\Users\ragangul\.m2\repository\com\azure\spring\azure-spring-cloud-messaging\2.9.0\azure-spring-cloud-messaging-2.9.0.jar;C:\Users\ragangul\.m2\repository\com\azure\spring\azure-spring-cloud-context\2.9.0\azure-spring-cloud-context-2.9.0.jar;C:\Users\ragangul\.m2\repository\org\springframework\boot\spring-boot-starter-aop\3.2.0\spring-boot-starter-aop-3.2.0.jar;C:\Users\ragangul\.m2\repository\org\aspectj\aspectjweaver\1.9.20.1\aspectjweaver-1.9.20.1.jar;C:\Users\ragangul\.m2\repository\commons-io\commons-io\2.5\commons-io-2.5.jar;C:\Users\ragangul\.m2\repository\com\azure\resourcemanager\azure-resourcemanager\2.8.0\azure-resourcemanager-2.8.0.jar;C:\Users\ragangul\.m2\repository\com\azure\resourcemanager\azure-resourcemanager-resources\2.8.0\azure-resourcemanager-resources-2.8.0.jar;C:\Users\ragangul\.m2\repository\com\azure\azure-core-management\1.4.1\azure-core-management-1.4.1.jar;C:\Users\ragangul\.m2\repository\com\azure\resourcemanager\azure-resourcemanager-storage\2.8.0\azure-resourcemanager-storage-2.8.0.jar;C:\Users\ragangul\.m2\repository\com\azure\resourcemanager\azure-resourcemanager-compute\2.8.0\azure-resourcemanager-compute-2.8.0.jar;C:\Users\ragangul\.m2\repository\com\azure\resourcemanager\azure-resourcemanager-network\2.8.0\azure-resourcemanager-network-2.8.0.jar;C:\Users\ragangul\.m2\repository\com\azure\resourcemanager\azure-resourcemanager-keyvault\2.8.0\azure-resourcemanager-keyvault-2.8.0.jar;C:\Users\ragangul\.m2\repository\com\azure\azure-security-keyvault-keys\4.3.3\azure-security-keyvault-keys-4.3.3.jar;C:\Users\ragangul\.m2\repository\com\azure\azure-security-keyvault-secrets\4.3.3\azure-security-keyvault-secrets-4.3.3.jar;C:\Users\ragangul\.m2\repository\com\azure\resourcemanager\azure-resourcemanager-msi\2.8.0\azure-resourcemanager-msi-2.8.0.jar;C:\Users\ragangul\.m2\repository\com\azure\resourcemanager\azure-resourcemanager-sql\2.8.0\azure-resourcemanager-sql-2.8.0.jar;C:\Users\ragangul\.m2\repository\com\azure\resourcemanager\azure-resourcemanager-authorization\2.8.0\azure-resourcemanager-authorization-2.8.0.jar;C:\Users\ragangul\.m2\repository\com\azure\resourcemanager\azure-resourcemanager-appservice\2.8.0\azure-resourcemanager-appservice-2.8.0.jar;C:\Users\ragangul\.m2\repository\com\azure\resourcemanager\azure-resourcemanager-cosmos\2.8.0\azure-resourcemanager-cosmos-2.8.0.jar;C:\Users\ragangul\.m2\repository\com\azure\resourcemanager\azure-resourcemanager-containerservice\2.8.0\azure-resourcemanager-containerservice-2.8.0.jar;C:\Users\ragangul\.m2\repository\com\azure\resourcemanager\azure-resourcemanager-monitor\2.8.0\azure-resourcemanager-monitor-2.8.0.jar;C:\Users\ragangul\.m2\repository\com\azure\resourcemanager\azure-resourcemanager-containerregistry\2.8.0\azure-resourcemanager-containerregistry-2.8.0.jar;C:\Users\ragangul\.m2\repository\com\azure\resourcemanager\azure-resourcemanager-dns\2.8.0\azure-resourcemanager-dns-2.8.0.jar;C:\Users\ragangul\.m2\repository\com\azure\resourcemanager\azure-resourcemanager-appplatform\2.8.0\azure-resourcemanager-appplatform-2.8.0.jar;C:\Users\ragangul\.m2\repository\com\azure\azure-storage-file-share\12.10.0\azure-storage-file-share-12.10.0.jar;C:\Users\ragangul\.m2\repository\com\azure\resourcemanager\azure-resourcemanager-containerinstance\2.8.0\azure-resourcemanager-containerinstance-2.8.0.jar;C:\Users\ragangul\.m2\repository\com\azure\resourcemanager\azure-resourcemanager-privatedns\2.8.0\azure-resourcemanager-privatedns-2.8.0.jar;C:\Users\ragangul\.m2\repository\com\azure\resourcemanager\azure-resourcemanager-redis\2.8.0\azure-resourcemanager-redis-2.8.0.jar;C:\Users\ragangul\.m2\repository\com\azure\resourcemanager\azure-resourcemanager-eventhubs\2.8.0\azure-resourcemanager-eventhubs-2.8.0.jar;C:\Users\ragangul\.m2\repository\com\azure\resourcemanager\azure-resourcemanager-trafficmanager\2.8.0\azure-resourcemanager-trafficmanager-2.8.0.jar;C:\Users\ragangul\.m2\repository\com\azure\resourcemanager\azure-resourcemanager-servicebus\2.8.0\azure-resourcemanager-servicebus-2.8.0.jar;C:\Users\ragangul\.m2\repository\com\azure\resourcemanager\azure-resourcemanager-cdn\2.8.0\azure-resourcemanager-cdn-2.8.0.jar;C:\Users\ragangul\.m2\repository\com\azure\resourcemanager\azure-resourcemanager-search\2.8.0\azure-resourcemanager-search-2.8.0.jar;C:\Users\ragangul\.m2\repository\com\azure\spring\azure-identity-spring\1.9.0\azure-identity-spring-1.9.0.jar;C:\Users\ragangul\.m2\repository\com\azure\azure-identity\1.3.6\azure-identity-1.3.6.jar;C:\Users\ragangul\.m2\repository\com\microsoft\azure\msal4j\1.11.0\msal4j-1.11.0.jar;C:\Users\ragangul\.m2\repository\com\nimbusds\oauth2-oidc-sdk\9.7\oauth2-oidc-sdk-9.7.jar;C:\Users\ragangul\.m2\repository\com\github\stephenc\jcip\jcip-annotations\1.0-1\jcip-annotations-1.0-1.jar;C:\Users\ragangul\.m2\repository\com\nimbusds\content-type\2.1\content-type-2.1.jar;C:\Users\ragangul\.m2\repository\com\nimbusds\lang-tag\1.5\lang-tag-1.5.jar;C:\Users\ragangul\.m2\repository\com\nimbusds\nimbus-jose-jwt\9.9.3\nimbus-jose-jwt-9.9.3.jar;C:\Users\ragangul\.m2\repository\com\microsoft\azure\msal4j-persistence-extension\1.1.0\msal4j-persistence-extension-1.1.0.jar;C:\Users\ragangul\.m2\repository\net\java\dev\jna\jna\5.5.0\jna-5.5.0.jar;C:\Users\ragangul\.m2\repository\net\java\dev\jna\jna-platform\5.6.0\jna-platform-5.6.0.jar;C:\Users\ragangul\.m2\repository\com\azure\azure-messaging-eventhubs-checkpointstore-blob\1.10.0\azure-messaging-eventhubs-checkpointstore-blob-1.10.0.jar;C:\Users\ragangul\.m2\repository\com\azure\azure-messaging-eventhubs\5.10.1\azure-messaging-eventhubs-5.10.1.jar;C:\Users\ragangul\.m2\repository\com\azure\azure-core\1.20.0\azure-core-1.20.0.jar;C:\Users\ragangul\.m2\repository\com\fasterxml\jackson\dataformat\jackson-dataformat-xml\2.15.3\jackson-dataformat-xml-2.15.3.jar;C:\Users\ragangul\.m2\repository\org\codehaus\woodstox\stax2-api\4.2.1\stax2-api-4.2.1.jar;C:\Users\ragangul\.m2\repository\com\fasterxml\woodstox\woodstox-core\6.5.1\woodstox-core-6.5.1.jar;C:\Users\ragangul\.m2\repository\io\netty\netty-tcnative-boringssl-static\2.0.61.Final\netty-tcnative-boringssl-static-2.0.61.Final.jar;C:\Users\ragangul\.m2\repository\io\netty\netty-tcnative-classes\2.0.61.Final\netty-tcnative-classes-2.0.61.Final.jar;C:\Users\ragangul\.m2\repository\io\netty\netty-tcnative-boringssl-static\2.0.61.Final\netty-tcnative-boringssl-static-2.0.61.Final-linux-x86_64.jar;C:\Users\ragangul\.m2\repository\io\netty\netty-tcnative-boringssl-static\2.0.61.Final\netty-tcnative-boringssl-static-2.0.61.Final-linux-aarch_64.jar;C:\Users\ragangul\.m2\repository\io\netty\netty-tcnative-boringssl-static\2.0.61.Final\netty-tcnative-boringssl-static-2.0.61.Final-osx-x86_64.jar;C:\Users\ragangul\.m2\repository\io\netty\netty-tcnative-boringssl-static\2.0.61.Final\netty-tcnative-boringssl-static-2.0.61.Final-osx-aarch_64.jar;C:\Users\ragangul\.m2\repository\io\netty\netty-tcnative-boringssl-static\2.0.61.Final\netty-tcnative-boringssl-static-2.0.61.Final-windows-x86_64.jar;C:\Users\ragangul\.m2\repository\com\azure\azure-core-amqp\2.3.2\azure-core-amqp-2.3.2.jar;C:\Users\ragangul\.m2\repository\com\microsoft\azure\qpid-proton-j-extensions\1.2.4\qpid-proton-j-extensions-1.2.4.jar;C:\Users\ragangul\.m2\repository\org\apache\qpid\proton-j\0.33.8\proton-j-0.33.8.jar;C:\Users\ragangul\.m2\repository\com\azure\azure-storage-blob\12.14.0\azure-storage-blob-12.14.0.jar;C:\Users\ragangul\.m2\repository\com\azure\azure-core-http-netty\1.11.0\azure-core-http-netty-1.11.0.jar;C:\Users\ragangul\.m2\repository\io\netty\netty-handler\4.1.101.Final\netty-handler-4.1.101.Final.jar;C:\Users\ragangul\.m2\repository\io\netty\netty-common\4.1.101.Final\netty-common-4.1.101.Final.jar;C:\Users\ragangul\.m2\repository\io\netty\netty-resolver\4.1.101.Final\netty-resolver-4.1.101.Final.jar;C:\Users\ragangul\.m2\repository\io\netty\netty-transport\4.1.101.Final\netty-transport-4.1.101.Final.jar;C:\Users\ragangul\.m2\repository\io\netty\netty-codec\4.1.101.Final\netty-codec-4.1.101.Final.jar;C:\Users\ragangul\.m2\repository\io\netty\netty-handler-proxy\4.1.101.Final\netty-handler-proxy-4.1.101.Final.jar;C:\Users\ragangul\.m2\repository\io\netty\netty-codec-socks\4.1.101.Final\netty-codec-socks-4.1.101.Final.jar;C:\Users\ragangul\.m2\repository\io\netty\netty-buffer\4.1.101.Final\netty-buffer-4.1.101.Final.jar;C:\Users\ragangul\.m2\repository\io\netty\netty-codec-http\4.1.101.Final\netty-codec-http-4.1.101.Final.jar;C:\Users\ragangul\.m2\repository\io\netty\netty-codec-http2\4.1.101.Final\netty-codec-http2-4.1.101.Final.jar;C:\Users\ragangul\.m2\repository\io\netty\netty-transport-native-unix-common\4.1.101.Final\netty-transport-native-unix-common-4.1.101.Final.jar;C:\Users\ragangul\.m2\repository\io\netty\netty-transport-native-epoll\4.1.101.Final\netty-transport-native-epoll-4.1.101.Final-linux-x86_64.jar;C:\Users\ragangul\.m2\repository\io\netty\netty-transport-classes-epoll\4.1.101.Final\netty-transport-classes-epoll-4.1.101.Final.jar;C:\Users\ragangul\.m2\repository\io\netty\netty-transport-native-kqueue\4.1.101.Final\netty-transport-native-kqueue-4.1.101.Final-osx-x86_64.jar;C:\Users\ragangul\.m2\repository\io\netty\netty-transport-classes-kqueue\4.1.101.Final\netty-transport-classes-kqueue-4.1.101.Final.jar;C:\Users\ragangul\.m2\repository\io\projectreactor\netty\reactor-netty\1.1.13\reactor-netty-1.1.13.jar;C:\Users\ragangul\.m2\repository\io\projectreactor\netty\reactor-netty-core\1.1.13\reactor-netty-core-1.1.13.jar;C:\Users\ragangul\.m2\repository\io\netty\netty-resolver-dns\4.1.101.Final\netty-resolver-dns-4.1.101.Final.jar;C:\Users\ragangul\.m2\repository\io\netty\netty-codec-dns\4.1.101.Final\netty-codec-dns-4.1.101.Final.jar;C:\Users\ragangul\.m2\repository\io\netty\netty-resolver-dns-native-macos\4.1.101.Final\netty-resolver-dns-native-macos-4.1.101.Final-osx-x86_64.jar;C:\Users\ragangul\.m2\repository\io\netty\netty-resolver-dns-classes-macos\4.1.101.Final\netty-resolver-dns-classes-macos-4.1.101.Final.jar;C:\Users\ragangul\.m2\repository\io\projectreactor\netty\reactor-netty-http\1.1.13\reactor-netty-http-1.1.13.jar;C:\Users\ragangul\.m2\repository\io\projectreactor\netty\incubator\reactor-netty-incubator-quic\0.1.13\reactor-netty-incubator-quic-0.1.13.jar;C:\Users\ragangul\.m2\repository\io\netty\incubator\netty-incubator-codec-native-quic\0.0.52.Final\netty-incubator-codec-native-quic-0.0.52.Final-linux-x86_64.jar;C:\Users\ragangul\.m2\repository\io\netty\incubator\netty-incubator-codec-classes-quic\0.0.52.Final\netty-incubator-codec-classes-quic-0.0.52.Final.jar;C:\Users\ragangul\.m2\repository\com\azure\azure-storage-common\12.13.0\azure-storage-common-12.13.0.jar;C:\Users\ragangul\.m2\repository\com\azure\azure-storage-internal-avro\12.1.0\azure-storage-internal-avro-12.1.0.jar;"/>
    <property name="sun.cpu.endian" value="little"/>
    <property name="user.home" value="C:\Users\ragangul"/>
    <property name="user.language" value="en"/>
    <property name="java.specification.vendor" value="Oracle Corporation"/>
    <property name="java.version.date" value="2024-01-16"/>
    <property name="java.home" value="C:\Program Files\Java\jdk-17"/>
    <property name="file.separator" value="\"/>
    <property name="basedir" value="C:\samples\aksEHSpringSample\gs-spring-boot-docker\complete"/>
    <property name="java.vm.compressedOopsMode" value="Zero based"/>
    <property name="line.separator" value="&#10;"/>
    <property name="java.vm.specification.vendor" value="Oracle Corporation"/>
    <property name="java.specification.name" value="Java Platform API Specification"/>
    <property name="FILE_LOG_CHARSET" value="windows-1252"/>
    <property name="java.awt.headless" value="true"/>
    <property name="surefire.real.class.path" value="C:\Users\ragangul\AppData\Local\Temp\surefire869679024131865511\surefirebooter-20240211183712459_3.jar"/>
    <property name="user.script" value=""/>
    <property name="sun.management.compiler" value="HotSpot 64-Bit Tiered Compilers"/>
    <property name="java.runtime.version" value="17.0.10+11-LTS-240"/>
    <property name="user.name" value="ragangul"/>
    <property name="path.separator" value=";"/>
    <property name="os.version" value="10.0"/>
    <property name="java.runtime.name" value="Java(TM) SE Runtime Environment"/>
    <property name="file.encoding" value="Cp1252"/>
    <property name="java.vm.name" value="Java HotSpot(TM) 64-Bit Server VM"/>
    <property name="localRepository" value="C:\Users\ragangul\.m2\repository"/>
    <property name="java.vendor.url.bug" value="https://bugreport.java.com/bugreport/"/>
    <property name="java.io.tmpdir" value="C:\Users\ragangul\AppData\Local\Temp\"/>
    <property name="catalina.home" value="C:\Users\ragangul\AppData\Local\Temp\tomcat.0.4305445171664587947"/>
    <property name="java.version" value="17.0.10"/>
    <property name="user.dir" value="C:\samples\aksEHSpringSample\gs-spring-boot-docker\complete"/>
    <property name="os.arch" value="amd64"/>
    <property name="java.vm.specification.name" value="Java Virtual Machine Specification"/>
    <property name="PID" value="18112"/>
    <property name="sun.os.patch.level" value=""/>
    <property name="CONSOLE_LOG_CHARSET" value="windows-1252"/>
    <property name="catalina.base" value="C:\Users\ragangul\AppData\Local\Temp\tomcat.0.4305445171664587947"/>
    <property name="native.encoding" value="Cp1252"/>
    <property name="java.library.path" value="C:\Program Files\Java\jdk-17\bin;C:\windows\Sun\Java\bin;C:\windows\system32;C:\windows;C:\Program Files\Microsoft SDKs\Azure\CLI2\wbin;C:\windows\system32;C:\windows;C:\windows\System32\Wbem;C:\windows\System32\WindowsPowerShell\v1.0\;C:\windows\System32\OpenSSH\;C:\Program Files (x86)\nodejs\;C:\ProgramData\chocolatey\bin;C:\Program Files\dotnet\;C:\Program Files\Git\cmd;C:\Program Files\Docker\Docker\resources\bin;C:\Program Files\Microsoft\Azure Functions Core Tools\;C:\Program Files\Maven\apache-maven-3.9.4-bin\apache-maven-3.9.4\bin;C:\Program Files\Java\jdk-17\bin;C:\Users\ragangul\AppData\Local\Microsoft\WindowsApps;C:\Users\ragangul\AppData\Local\Programs\Microsoft VS Code\bin;C:\Users\ragangul\AppData\Local\Programs\Microsoft VS Code Insiders\bin;C:\Users\ragangul\AppData\Roaming\npm;C:\Users\ragangul\.dotnet\tools;C:\Users\ragangul\AppData\Local\Programs\Python\Python38;C:\Users\ragangul\AppData\Local\Programs\Python\Python38\Scripts;;."/>
    <property name="java.vm.info" value="mixed mode, sharing"/>
    <property name="java.vendor" value="Oracle Corporation"/>
    <property name="java.vm.version" value="17.0.10+11-LTS-240"/>
    <property name="sun.io.unicode.encoding" value="UnicodeLittle"/>
    <property name="java.class.version" value="61.0"/>
    <property name="LOGGED_APPLICATION_NAME" value="[testLatticeApp] "/>
  </properties>
  <testcase name="testGreeting" classname="hello.HelloWorldConfigurationTests" time="1.794">
    <system-out><![CDATA[18:37:14.783 [main] INFO org.springframework.test.context.support.AnnotationConfigContextLoaderUtils -- Could not detect default configuration classes for test class [hello.HelloWorldConfigurationTests]: HelloWorldConfigurationTests does not declare any static, non-private, non-final, nested classes annotated with @Configuration.
18:37:14.989 [main] INFO org.springframework.boot.test.context.SpringBootTestContextBootstrapper -- Found @SpringBootConfiguration hello.Application for test class hello.HelloWorldConfigurationTests

  .   ____          _            __ _ _
 /\\ / ___'_ __ _ _(_)_ __  __ _ \ \ \ \
( ( )\___ | '_ | '_| | '_ \/ _` | \ \ \ \
 \\/  ___)| |_)| | | | | || (_| |  ) ) ) )
  '  |____| .__|_| |_|_| |_\__, | / / / /
 =========|_|==============|___/=/_/_/_/
 :: Spring Boot ::                (v3.2.0)

2024-02-11T18:37:15.744-06:00  INFO 18112 --- [testLatticeApp] [           main] hello.HelloWorldConfigurationTests       : Starting HelloWorldConfigurationTests using Java 17.0.10 with PID 18112 (started by ragangul in C:\samples\aksEHSpringSample\gs-spring-boot-docker\complete)
2024-02-11T18:37:15.755-06:00  INFO 18112 --- [testLatticeApp] [           main] hello.HelloWorldConfigurationTests       : No active profile set, falling back to 1 default profile: "default"
2024-02-11T18:37:16.834-06:00  INFO 18112 --- [testLatticeApp] [           main] faultConfiguringBeanFactoryPostProcessor : No bean named 'errorChannel' has been explicitly defined. Therefore, a default PublishSubscribeChannel will be created.
2024-02-11T18:37:16.866-06:00  INFO 18112 --- [testLatticeApp] [           main] faultConfiguringBeanFactoryPostProcessor : No bean named 'integrationHeaderChannelRegistry' has been explicitly defined. Therefore, a default DefaultHeaderChannelRegistry will be created.
2024-02-11T18:37:17.796-06:00  INFO 18112 --- [testLatticeApp] [           main] o.s.b.w.embedded.tomcat.TomcatWebServer  : Tomcat initialized with port 0 (http)
2024-02-11T18:37:17.826-06:00  INFO 18112 --- [testLatticeApp] [           main] o.apache.catalina.core.StandardService   : Starting service [Tomcat]
2024-02-11T18:37:17.829-06:00  INFO 18112 --- [testLatticeApp] [           main] o.apache.catalina.core.StandardEngine    : Starting Servlet engine: [Apache Tomcat/10.1.16]
2024-02-11T18:37:18.063-06:00  INFO 18112 --- [testLatticeApp] [           main] o.a.c.c.C.[Tomcat].[localhost].[/]       : Initializing Spring embedded WebApplicationContext
2024-02-11T18:37:18.063-06:00  INFO 18112 --- [testLatticeApp] [           main] w.s.c.ServletWebServerApplicationContext : Root WebApplicationContext: initialization completed in 2273 ms
2024-02-11T18:37:19.063-06:00  INFO 18112 --- [testLatticeApp] [           main] o.s.i.endpoint.EventDrivenConsumer       : Adding {logging-channel-adapter:_org.springframework.integration.errorLogger} as a subscriber to the 'errorChannel' channel
2024-02-11T18:37:19.067-06:00  INFO 18112 --- [testLatticeApp] [           main] o.s.i.channel.PublishSubscribeChannel    : Channel 'testLatticeApp.errorChannel' has 1 subscriber(s).
2024-02-11T18:37:19.068-06:00  INFO 18112 --- [testLatticeApp] [           main] o.s.i.endpoint.EventDrivenConsumer       : started bean '_org.springframework.integration.errorLogger'
2024-02-11T18:37:19.119-06:00  INFO 18112 --- [testLatticeApp] [           main] o.s.b.w.embedded.tomcat.TomcatWebServer  : Tomcat started on port 61777 (http) with context path ''
2024-02-11T18:37:19.127-06:00  INFO 18112 --- [testLatticeApp] [           main] hello.HelloWorldConfigurationTests       : Started HelloWorldConfigurationTests in 3.9 seconds (process running for 6.005)
2024-02-11T18:37:20.835-06:00  INFO 18112 --- [testLatticeApp] [o-auto-1-exec-2] o.a.c.c.C.[Tomcat].[localhost].[/]       : Initializing Spring DispatcherServlet 'dispatcherServlet'
2024-02-11T18:37:20.835-06:00  INFO 18112 --- [testLatticeApp] [o-auto-1-exec-2] o.s.web.servlet.DispatcherServlet        : Initializing Servlet 'dispatcherServlet'
2024-02-11T18:37:20.835-06:00  INFO 18112 --- [testLatticeApp] [o-auto-1-exec-2] o.s.web.servlet.DispatcherServlet        : Completed initialization in 0 ms
]]></system-out>
  </testcase>
</testsuite>